Release 14.7 - xst P.20131013 (lin64)
Copyright (c) 1995-2013 Xilinx, Inc.  All rights reserved.
--> 
Parameter TMPDIR set to xst/projnav.tmp


Total REAL time to Xst completion: 0.00 secs
Total CPU time to Xst completion: 0.06 secs
 
--> 
Parameter xsthdpdir set to xst


Total REAL time to Xst completion: 0.00 secs
Total CPU time to Xst completion: 0.06 secs
 
--> 
Reading design: Rx.prj

TABLE OF CONTENTS
  1) Synthesis Options Summary
  2) HDL Parsing
  3) HDL Elaboration
  4) HDL Synthesis
       4.1) HDL Synthesis Report
  5) Advanced HDL Synthesis
       5.1) Advanced HDL Synthesis Report
  6) Low Level Synthesis
  7) Partition Report
  8) Design Summary
       8.1) Primitive and Black Box Usage
       8.2) Device utilization summary
       8.3) Partition Resource Summary
       8.4) Timing Report
            8.4.1) Clock Information
            8.4.2) Asynchronous Control Signals Information
            8.4.3) Timing Summary
            8.4.4) Timing Details
            8.4.5) Cross Clock Domains Report


=========================================================================
*                      Synthesis Options Summary                        *
=========================================================================
---- Source Parameters
Input File Name                    : "Rx.prj"
Ignore Synthesis Constraint File   : NO

---- Target Parameters
Output File Name                   : "Rx"
Output Format                      : NGC
Target Device                      : xc6slx45-3-csg324

---- Source Options
Top Module Name                    : Rx
Automatic FSM Extraction           : YES
FSM Encoding Algorithm             : Auto
Safe Implementation                : No
FSM Style                          : LUT
RAM Extraction                     : Yes
RAM Style                          : Auto
ROM Extraction                     : Yes
Shift Register Extraction          : YES
ROM Style                          : Auto
Resource Sharing                   : YES
Asynchronous To Synchronous        : NO
Shift Register Minimum Size        : 2
Use DSP Block                      : Auto
Automatic Register Balancing       : No

---- Target Options
LUT Combining                      : Auto
Reduce Control Sets                : Auto
Add IO Buffers                     : YES
Global Maximum Fanout              : 100000
Add Generic Clock Buffer(BUFG)     : 16
Register Duplication               : YES
Optimize Instantiated Primitives   : NO
Use Clock Enable                   : Auto
Use Synchronous Set                : Auto
Use Synchronous Reset              : Auto
Pack IO Registers into IOBs        : Auto
Equivalent register Removal        : YES

---- General Options
Optimization Goal                  : Speed
Optimization Effort                : 1
Power Reduction                    : NO
Keep Hierarchy                     : No
Netlist Hierarchy                  : As_Optimized
RTL Output                         : Yes
Global Optimization                : AllClockNets
Read Cores                         : YES
Write Timing Constraints           : NO
Cross Clock Analysis               : NO
Hierarchy Separator                : /
Bus Delimiter                      : <>
Case Specifier                     : Maintain
Slice Utilization Ratio            : 100
BRAM Utilization Ratio             : 100
DSP48 Utilization Ratio            : 100
Auto BRAM Packing                  : NO
Slice Utilization Ratio Delta      : 5

=========================================================================


=========================================================================
*                          HDL Parsing                                  *
=========================================================================
Parsing VHDL file "/home/rishav/logic/code_repository/UART_loopback/BaudRateGenerator.vhd" into library work
Parsing entity <BaudRateGenerator>.
Parsing architecture <Behavioral> of entity <baudrategenerator>.
Parsing VHDL file "/home/rishav/logic/code_repository/UART_loopback/Rx.vhd" into library work
Parsing entity <Rx>.
Parsing architecture <Behavioral> of entity <rx>.

=========================================================================
*                            HDL Elaboration                            *
=========================================================================

Elaborating entity <Rx> (architecture <Behavioral>) with generics from library <work>.

Elaborating entity <BaudRateGenerator> (architecture <Behavioral>) from library <work>.

=========================================================================
*                           HDL Synthesis                               *
=========================================================================

Synthesizing Unit <Rx>.
    Related source file is "/home/rishav/logic/code_repository/UART_loopback/Rx.vhd".
        DBIT = 8
        SB_TICK = 16
    Found 4-bit register for signal <s_reg>.
    Found 3-bit register for signal <n_reg>.
    Found 8-bit register for signal <dout>.
    Found 2-bit register for signal <state_reg>.
    Found finite state machine <FSM_0> for signal <state_reg>.
    -----------------------------------------------------------------------
    | States             | 4                                              |
    | Transitions        | 12                                             |
    | Inputs             | 5                                              |
    | Outputs            | 6                                              |
    | Clock              | clk (rising_edge)                              |
    | Reset              | reset (positive)                               |
    | Reset type         | asynchronous                                   |
    | Reset State        | idle                                           |
    | Power Up State     | idle                                           |
    | Encoding           | auto                                           |
    | Implementation     | LUT                                            |
    -----------------------------------------------------------------------
    Found 3-bit adder for signal <n_reg[2]_GND_4_o_add_16_OUT> created at line 1241.
    Found 4-bit adder for signal <s_reg[3]_GND_4_o_add_29_OUT> created at line 1241.
    Found 4-bit 4-to-1 multiplexer for signal <s_next> created at line 89.
    Summary:
	inferred   2 Adder/Subtractor(s).
	inferred  15 D-type flip-flop(s).
	inferred  11 Multiplexer(s).
	inferred   1 Finite State Machine(s).
Unit <Rx> synthesized.

Synthesizing Unit <BaudRateGenerator>.
    Related source file is "/home/rishav/logic/code_repository/UART_loopback/BaudRateGenerator.vhd".
    Found 10-bit register for signal <counter_reg>.
    Found 1-bit register for signal <s_tick_reg>.
    Found 10-bit subtractor for signal <GND_5_o_GND_5_o_sub_3_OUT<9:0>> created at line 1308.
    Summary:
	inferred   1 Adder/Subtractor(s).
	inferred  11 D-type flip-flop(s).
	inferred   1 Multiplexer(s).
Unit <BaudRateGenerator> synthesized.

=========================================================================
HDL Synthesis Report

Macro Statistics
# Adders/Subtractors                                   : 3
 10-bit subtractor                                     : 1
 3-bit adder                                           : 1
 4-bit adder                                           : 1
# Registers                                            : 5
 1-bit register                                        : 1
 10-bit register                                       : 1
 3-bit register                                        : 1
 4-bit register                                        : 1
 8-bit register                                        : 1
# Multiplexers                                         : 12
 1-bit 2-to-1 multiplexer                              : 2
 10-bit 2-to-1 multiplexer                             : 1
 3-bit 2-to-1 multiplexer                              : 1
 4-bit 2-to-1 multiplexer                              : 7
 4-bit 4-to-1 multiplexer                              : 1
# FSMs                                                 : 1

=========================================================================

=========================================================================
*                       Advanced HDL Synthesis                          *
=========================================================================


Synthesizing (advanced) Unit <Rx>.
The following registers are absorbed into counter <n_reg>: 1 register on signal <n_reg>.
Unit <Rx> synthesized (advanced).

=========================================================================
Advanced HDL Synthesis Report

Macro Statistics
# Adders/Subtractors                                   : 2
 10-bit subtractor                                     : 1
 4-bit adder                                           : 1
# Counters                                             : 1
 3-bit up counter                                      : 1
# Registers                                            : 23
 Flip-Flops                                            : 23
# Multiplexers                                         : 11
 1-bit 2-to-1 multiplexer                              : 2
 10-bit 2-to-1 multiplexer                             : 1
 4-bit 2-to-1 multiplexer                              : 7
 4-bit 4-to-1 multiplexer                              : 1
# FSMs                                                 : 1

=========================================================================

=========================================================================
*                         Low Level Synthesis                           *
=========================================================================
Analyzing FSM <MFsm> for best encoding.
Optimizing FSM <FSM_0> on signal <state_reg[1:2]> with gray encoding.
-------------------
 State | Encoding
-------------------
 idle  | 00
 start | 01
 data  | 11
 stop  | 10
-------------------

Optimizing unit <Rx> ...

Optimizing unit <BaudRateGenerator> ...

Mapping all equations...
Building and optimizing final netlist ...
Found area constraint ratio of 100 (+ 5) on block Rx, actual ratio is 0.

Final Macro Processing ...

=========================================================================
Final Register Report

Macro Statistics
# Registers                                            : 28
 Flip-Flops                                            : 28

=========================================================================

=========================================================================
*                           Partition Report                            *
=========================================================================

Partition Implementation Status
-------------------------------

  No Partitions were found in this design.

-------------------------------

=========================================================================
*                            Design Summary                             *
=========================================================================

Top Level Output File Name         : Rx.ngc

Primitive and Black Box Usage:
------------------------------
# BELS                             : 46
#      GND                         : 1
#      INV                         : 2
#      LUT2                        : 6
#      LUT3                        : 4
#      LUT4                        : 9
#      LUT5                        : 6
#      LUT6                        : 17
#      MUXF7                       : 1
# FlipFlops/Latches                : 28
#      FDC                         : 19
#      FDCE                        : 3
#      FDE                         : 1
#      FDP                         : 5
# Clock Buffers                    : 1
#      BUFGP                       : 1
# IO Buffers                       : 16
#      IBUF                        : 2
#      OBUF                        : 14

Device utilization summary:
---------------------------

Selected Device : 6slx45csg324-3 


Slice Logic Utilization: 
 Number of Slice Registers:              28  out of  54576     0%  
 Number of Slice LUTs:                   44  out of  27288     0%  
    Number used as Logic:                44  out of  27288     0%  

Slice Logic Distribution: 
 Number of LUT Flip Flop pairs used:     44
   Number with an unused Flip Flop:      16  out of     44    36%  
   Number with an unused LUT:             0  out of     44     0%  
   Number of fully used LUT-FF pairs:    28  out of     44    63%  
   Number of unique control sets:         3

IO Utilization: 
 Number of IOs:                          17
 Number of bonded IOBs:                  17  out of    218     7%  

Specific Feature Utilization:
 Number of BUFG/BUFGCTRLs:                1  out of     16     6%  

---------------------------
Partition Resource Summary:
---------------------------

  No Partitions were found in this design.

---------------------------


=========================================================================
Timing Report

NOTE: THESE TIMING NUMBERS ARE ONLY A SYNTHESIS ESTIMATE.
      FOR ACCURATE TIMING INFORMATION PLEASE REFER TO THE TRACE REPORT
      GENERATED AFTER PLACE-and-ROUTE.

Clock Information:
------------------
-----------------------------------+------------------------+-------+
Clock Signal                       | Clock buffer(FF name)  | Load  |
-----------------------------------+------------------------+-------+
clk                                | BUFGP                  | 28    |
-----------------------------------+------------------------+-------+

Asynchronous Control Signals Information:
----------------------------------------
No asynchronous control signals found in this design

Timing Summary:
---------------
Speed Grade: -3

   Minimum period: 2.858ns (Maximum Frequency: 349.950MHz)
   Minimum input arrival time before clock: 3.563ns
   Maximum output required time after clock: 6.150ns
   Maximum combinational path delay: No path found

Timing Details:
---------------
All values displayed in nanoseconds (ns)

=========================================================================
Timing constraint: Default period analysis for Clock 'clk'
  Clock period: 2.858ns (frequency: 349.950MHz)
  Total number of paths / destination ports: 235 / 31
-------------------------------------------------------------------------
Delay:               2.858ns (Levels of Logic = 2)
  Source:            Inst_BaudRateGenerator/s_tick_reg (FF)
  Destination:       s_reg_3 (FF)
  Source Clock:      clk rising
  Destination Clock: clk rising

  Data Path: Inst_BaudRateGenerator/s_tick_reg to s_reg_3
                                Gate     Net
    Cell:in->out      fanout   Delay   Delay  Logical Name (Net Name)
    ----------------------------------------  ------------
     FDE:C->Q              6   0.447   0.992  Inst_BaudRateGenerator/s_tick_reg (Inst_BaudRateGenerator/s_tick_reg)
     LUT4:I0->O           12   0.203   0.909  Mmux_s_next411 (Mmux_s_next41)
     LUT5:I4->O            1   0.205   0.000  Mmux_s_next42 (s_next<3>)
     FDC:D                     0.102          s_reg_3
    ----------------------------------------
    Total                      2.858ns (0.957ns logic, 1.901ns route)
                                       (33.5% logic, 66.5% route)

=========================================================================
Timing constraint: Default OFFSET IN BEFORE for Clock 'clk'
  Total number of paths / destination ports: 34 / 34
-------------------------------------------------------------------------
Offset:              3.563ns (Levels of Logic = 2)
  Source:            reset (PAD)
  Destination:       Inst_BaudRateGenerator/s_tick_reg (FF)
  Destination Clock: clk rising

  Data Path: reset to Inst_BaudRateGenerator/s_tick_reg
                                Gate     Net
    Cell:in->out      fanout   Delay   Delay  Logical Name (Net Name)
    ----------------------------------------  ------------
     IBUF:I->O            28   1.222   1.234  reset_IBUF (reset_IBUF)
     INV:I->O              1   0.206   0.579  Inst_BaudRateGenerator/reset_inv1_INV_0 (Inst_BaudRateGenerator/reset_inv)
     FDE:CE                    0.322          Inst_BaudRateGenerator/s_tick_reg
    ----------------------------------------
    Total                      3.563ns (1.750ns logic, 1.813ns route)
                                       (49.1% logic, 50.9% route)

=========================================================================
Timing constraint: Default OFFSET OUT AFTER for Clock 'clk'
  Total number of paths / destination ports: 23 / 13
-------------------------------------------------------------------------
Offset:              6.150ns (Levels of Logic = 3)
  Source:            Inst_BaudRateGenerator/s_tick_reg (FF)
  Destination:       rx_done_tick (PAD)
  Source Clock:      clk rising

  Data Path: Inst_BaudRateGenerator/s_tick_reg to rx_done_tick
                                Gate     Net
    Cell:in->out      fanout   Delay   Delay  Logical Name (Net Name)
    ----------------------------------------  ------------
     FDE:C->Q              6   0.447   0.992  Inst_BaudRateGenerator/s_tick_reg (Inst_BaudRateGenerator/s_tick_reg)
     LUT4:I0->O           12   0.203   1.156  Mmux_s_next411 (Mmux_s_next41)
     LUT4:I0->O            1   0.203   0.579  Mmux_rx_done_tick11 (rx_done_tick_OBUF)
     OBUF:I->O                 2.571          rx_done_tick_OBUF (rx_done_tick)
    ----------------------------------------
    Total                      6.150ns (3.424ns logic, 2.726ns route)
                                       (55.7% logic, 44.3% route)

=========================================================================

Cross Clock Domains Report:
--------------------------

Clock to Setup on destination clock clk
---------------+---------+---------+---------+---------+
               | Src:Rise| Src:Fall| Src:Rise| Src:Fall|
Source Clock   |Dest:Rise|Dest:Rise|Dest:Fall|Dest:Fall|
---------------+---------+---------+---------+---------+
clk            |    2.858|         |         |         |
---------------+---------+---------+---------+---------+

=========================================================================


Total REAL time to Xst completion: 7.00 secs
Total CPU time to Xst completion: 6.05 secs
 
--> 


Total memory usage is 397128 kilobytes

Number of errors   :    0 (   0 filtered)
Number of warnings :    0 (   0 filtered)
Number of infos    :    0 (   0 filtered)

