Release 14.7 - xst P.20131013 (lin64)
Copyright (c) 1995-2013 Xilinx, Inc.  All rights reserved.
--> 
Parameter TMPDIR set to xst/projnav.tmp


Total REAL time to Xst completion: 0.00 secs
Total CPU time to Xst completion: 0.06 secs
 
--> 
Parameter xsthdpdir set to xst


Total REAL time to Xst completion: 0.00 secs
Total CPU time to Xst completion: 0.06 secs
 
--> 
Reading design: Adder.prj

TABLE OF CONTENTS
  1) Synthesis Options Summary
  2) HDL Parsing
  3) HDL Elaboration
  4) HDL Synthesis
       4.1) HDL Synthesis Report
  5) Advanced HDL Synthesis
       5.1) Advanced HDL Synthesis Report
  6) Low Level Synthesis
  7) Partition Report
  8) Design Summary
       8.1) Primitive and Black Box Usage
       8.2) Device utilization summary
       8.3) Partition Resource Summary
       8.4) Timing Report
            8.4.1) Clock Information
            8.4.2) Asynchronous Control Signals Information
            8.4.3) Timing Summary
            8.4.4) Timing Details
            8.4.5) Cross Clock Domains Report


=========================================================================
*                      Synthesis Options Summary                        *
=========================================================================
---- Source Parameters
Input File Name                    : "Adder.prj"
Ignore Synthesis Constraint File   : NO

---- Target Parameters
Output File Name                   : "Adder"
Output Format                      : NGC
Target Device                      : xc6slx16-2-csg324

---- Source Options
Top Module Name                    : Adder
Automatic FSM Extraction           : YES
FSM Encoding Algorithm             : Auto
Safe Implementation                : No
FSM Style                          : LUT
RAM Extraction                     : Yes
RAM Style                          : Auto
ROM Extraction                     : Yes
Shift Register Extraction          : YES
ROM Style                          : Auto
Resource Sharing                   : YES
Asynchronous To Synchronous        : NO
Shift Register Minimum Size        : 2
Use DSP Block                      : Auto
Automatic Register Balancing       : No

---- Target Options
LUT Combining                      : Auto
Reduce Control Sets                : Auto
Add IO Buffers                     : YES
Global Maximum Fanout              : 100000
Add Generic Clock Buffer(BUFG)     : 16
Register Duplication               : YES
Optimize Instantiated Primitives   : NO
Use Clock Enable                   : Auto
Use Synchronous Set                : Auto
Use Synchronous Reset              : Auto
Pack IO Registers into IOBs        : Auto
Equivalent register Removal        : YES

---- General Options
Optimization Goal                  : Speed
Optimization Effort                : 1
Power Reduction                    : NO
Keep Hierarchy                     : No
Netlist Hierarchy                  : As_Optimized
RTL Output                         : Yes
Global Optimization                : AllClockNets
Read Cores                         : YES
Write Timing Constraints           : NO
Cross Clock Analysis               : NO
Hierarchy Separator                : /
Bus Delimiter                      : <>
Case Specifier                     : Maintain
Slice Utilization Ratio            : 100
BRAM Utilization Ratio             : 100
DSP48 Utilization Ratio            : 100
Auto BRAM Packing                  : NO
Slice Utilization Ratio Delta      : 5

=========================================================================


=========================================================================
*                          HDL Parsing                                  *
=========================================================================
Parsing VHDL file "/home/rishav/Logic/SignMagnitudeAdder/Adder.vhd" into library work
Parsing entity <Adder>.
Parsing architecture <Behavioral> of entity <adder>.

=========================================================================
*                            HDL Elaboration                            *
=========================================================================

Elaborating entity <Adder> (architecture <Behavioral>) with generics from library <work>.
WARNING:HDLCompiler:1127 - "/home/rishav/Logic/SignMagnitudeAdder/Adder.vhd" Line 50: Assignment to min ignored, since the identifier is never used

=========================================================================
*                           HDL Synthesis                               *
=========================================================================

Synthesizing Unit <Adder>.
    Related source file is "/home/rishav/Logic/SignMagnitudeAdder/Adder.vhd".
        N = 4
    Found 3-bit adder for signal <a[2]_b[2]_add_6_OUT> created at line 56.
    Found 3-bit subtractor for signal <GND_4_o_GND_4_o_sub_6_OUT<2:0>> created at line 57.
    Found 3-bit comparator greater for signal <b[2]_a[2]_LessThan_1_o> created at line 47
    Found 3-bit comparator equal for signal <a[2]_max[2]_equal_5_o> created at line 53
    Summary:
	inferred   2 Adder/Subtractor(s).
	inferred   2 Comparator(s).
	inferred   5 Multiplexer(s).
Unit <Adder> synthesized.

=========================================================================
HDL Synthesis Report

Macro Statistics
# Adders/Subtractors                                   : 2
 3-bit adder                                           : 1
 3-bit subtractor                                      : 1
# Comparators                                          : 2
 3-bit comparator equal                                : 1
 3-bit comparator greater                              : 1
# Multiplexers                                         : 5
 1-bit 2-to-1 multiplexer                              : 4
 3-bit 2-to-1 multiplexer                              : 1
# Xors                                                 : 1
 1-bit xor2                                            : 1

=========================================================================

=========================================================================
*                       Advanced HDL Synthesis                          *
=========================================================================


=========================================================================
Advanced HDL Synthesis Report

Macro Statistics
# Adders/Subtractors                                   : 2
 3-bit adder                                           : 1
 3-bit subtractor                                      : 1
# Comparators                                          : 2
 3-bit comparator equal                                : 1
 3-bit comparator greater                              : 1
# Multiplexers                                         : 4
 1-bit 2-to-1 multiplexer                              : 3
 3-bit 2-to-1 multiplexer                              : 1
# Xors                                                 : 1
 1-bit xor2                                            : 1

=========================================================================

=========================================================================
*                         Low Level Synthesis                           *
=========================================================================

Optimizing unit <Adder> ...

Mapping all equations...
Building and optimizing final netlist ...
Found area constraint ratio of 100 (+ 5) on block Adder, actual ratio is 0.

Final Macro Processing ...

=========================================================================
Final Register Report

Found no macro
=========================================================================

=========================================================================
*                           Partition Report                            *
=========================================================================

Partition Implementation Status
-------------------------------

  No Partitions were found in this design.

-------------------------------

=========================================================================
*                            Design Summary                             *
=========================================================================

Top Level Output File Name         : Adder.ngc

Primitive and Black Box Usage:
------------------------------
# BELS                             : 13
#      LUT2                        : 6
#      LUT5                        : 2
#      LUT6                        : 3
#      MUXF7                       : 2
# IO Buffers                       : 12
#      IBUF                        : 8
#      OBUF                        : 4

Device utilization summary:
---------------------------

Selected Device : 6slx16csg324-2 


Slice Logic Utilization: 
 Number of Slice LUTs:                   11  out of   9112     0%  
    Number used as Logic:                11  out of   9112     0%  

Slice Logic Distribution: 
 Number of LUT Flip Flop pairs used:     11
   Number with an unused Flip Flop:      11  out of     11   100%  
   Number with an unused LUT:             0  out of     11     0%  
   Number of fully used LUT-FF pairs:     0  out of     11     0%  
   Number of unique control sets:         0

IO Utilization: 
 Number of IOs:                          12
 Number of bonded IOBs:                  12  out of    232     5%  

Specific Feature Utilization:

---------------------------
Partition Resource Summary:
---------------------------

  No Partitions were found in this design.

---------------------------


=========================================================================
Timing Report

NOTE: THESE TIMING NUMBERS ARE ONLY A SYNTHESIS ESTIMATE.
      FOR ACCURATE TIMING INFORMATION PLEASE REFER TO THE TRACE REPORT
      GENERATED AFTER PLACE-and-ROUTE.

Clock Information:
------------------
No clock signals found in this design

Asynchronous Control Signals Information:
----------------------------------------
No asynchronous control signals found in this design

Timing Summary:
---------------
Speed Grade: -2

   Minimum period: No path found
   Minimum input arrival time before clock: No path found
   Maximum output required time after clock: No path found
   Maximum combinational path delay: 7.519ns

Timing Details:
---------------
All values displayed in nanoseconds (ns)

=========================================================================
Timing constraint: Default path analysis
  Total number of paths / destination ports: 42 / 4
-------------------------------------------------------------------------
Delay:               7.519ns (Levels of Logic = 5)
  Source:            a<1> (PAD)
  Destination:       sum<2> (PAD)

  Data Path: a<1> to sum<2>
                                Gate     Net
    Cell:in->out      fanout   Delay   Delay  Logical Name (Net Name)
    ----------------------------------------  ------------
     IBUF:I->O             6   1.328   0.984  a_1_IBUF (a_1_IBUF)
     LUT2:I0->O            2   0.250   0.954  Msub_GND_4_o_GND_4_o_sub_6_OUT<2:0>_lut<1>1 (Msub_GND_4_o_GND_4_o_sub_6_OUT<2:0>_lut<1>)
     LUT5:I2->O            1   0.235   0.000  Mmux_sum<2>11_G (N8)
     MUXF7:I1->O           1   0.175   0.681  Mmux_sum<2>11 (sum_2_OBUF)
     OBUF:I->O                 2.912          sum_2_OBUF (sum<2>)
    ----------------------------------------
    Total                      7.519ns (4.900ns logic, 2.619ns route)
                                       (65.2% logic, 34.8% route)

=========================================================================

Cross Clock Domains Report:
--------------------------

=========================================================================


Total REAL time to Xst completion: 7.00 secs
Total CPU time to Xst completion: 5.29 secs
 
--> 


Total memory usage is 384460 kilobytes

Number of errors   :    0 (   0 filtered)
Number of warnings :    1 (   0 filtered)
Number of infos    :    0 (   0 filtered)

