Release 14.7 - xst P.20131013 (lin64)
Copyright (c) 1995-2013 Xilinx, Inc.  All rights reserved.
--> 
Parameter TMPDIR set to xst/projnav.tmp


Total REAL time to Xst completion: 0.00 secs
Total CPU time to Xst completion: 0.04 secs
 
--> 
Parameter xsthdpdir set to xst


Total REAL time to Xst completion: 0.00 secs
Total CPU time to Xst completion: 0.04 secs
 
--> 
Reading design: RxModule.prj

TABLE OF CONTENTS
  1) Synthesis Options Summary
  2) HDL Parsing
  3) HDL Elaboration
  4) HDL Synthesis
       4.1) HDL Synthesis Report
  5) Advanced HDL Synthesis
       5.1) Advanced HDL Synthesis Report
  6) Low Level Synthesis
  7) Partition Report
  8) Design Summary
       8.1) Primitive and Black Box Usage
       8.2) Device utilization summary
       8.3) Partition Resource Summary
       8.4) Timing Report
            8.4.1) Clock Information
            8.4.2) Asynchronous Control Signals Information
            8.4.3) Timing Summary
            8.4.4) Timing Details
            8.4.5) Cross Clock Domains Report


=========================================================================
*                      Synthesis Options Summary                        *
=========================================================================
---- Source Parameters
Input File Name                    : "RxModule.prj"
Ignore Synthesis Constraint File   : NO

---- Target Parameters
Output File Name                   : "RxModule"
Output Format                      : NGC
Target Device                      : xa7a100t-2I-csg324

---- Source Options
Top Module Name                    : RxModule
Automatic FSM Extraction           : YES
FSM Encoding Algorithm             : Auto
Safe Implementation                : No
FSM Style                          : LUT
RAM Extraction                     : Yes
RAM Style                          : Auto
ROM Extraction                     : Yes
Shift Register Extraction          : YES
ROM Style                          : Auto
Resource Sharing                   : YES
Asynchronous To Synchronous        : NO
Shift Register Minimum Size        : 2
Use DSP Block                      : Auto
Automatic Register Balancing       : No

---- Target Options
LUT Combining                      : Auto
Reduce Control Sets                : Auto
Add IO Buffers                     : YES
Global Maximum Fanout              : 100000
Add Generic Clock Buffer(BUFG)     : 32
Register Duplication               : YES
Optimize Instantiated Primitives   : NO
Use Clock Enable                   : Auto
Use Synchronous Set                : Auto
Use Synchronous Reset              : Auto
Pack IO Registers into IOBs        : Auto
Equivalent register Removal        : YES

---- General Options
Optimization Goal                  : Speed
Optimization Effort                : 1
Power Reduction                    : NO
Keep Hierarchy                     : No
Netlist Hierarchy                  : As_Optimized
RTL Output                         : Yes
Global Optimization                : AllClockNets
Read Cores                         : YES
Write Timing Constraints           : NO
Cross Clock Analysis               : NO
Hierarchy Separator                : /
Bus Delimiter                      : <>
Case Specifier                     : Maintain
Slice Utilization Ratio            : 100
BRAM Utilization Ratio             : 100
DSP48 Utilization Ratio            : 100
Auto BRAM Packing                  : NO
Slice Utilization Ratio Delta      : 5

=========================================================================


=========================================================================
*                          HDL Parsing                                  *
=========================================================================
Parsing VHDL file "/home/rishav/logic/code_repository/UART/RxModule.vhd" into library work
Parsing entity <RxModule>.
Parsing architecture <Behavioral> of entity <rxmodule>.

=========================================================================
*                            HDL Elaboration                            *
=========================================================================

Elaborating entity <RxModule> (architecture <Behavioral>) with generics from library <work>.
WARNING:HDLCompiler:92 - "/home/rishav/logic/code_repository/UART/RxModule.vhd" Line 74: b_reg should be on the sensitivity list of the process
WARNING:HDLCompiler:92 - "/home/rishav/logic/code_repository/UART/RxModule.vhd" Line 98: b_reg should be on the sensitivity list of the process

=========================================================================
*                           HDL Synthesis                               *
=========================================================================

Synthesizing Unit <RxModule>.
    Related source file is "/home/rishav/logic/code_repository/UART/RxModule.vhd".
        DBIT = 8
        SB_TICK = 16
    Found 4-bit register for signal <s_reg>.
    Found 3-bit register for signal <n_reg>.
    Found 8-bit register for signal <dout>.
    Found 2-bit register for signal <state_reg>.
    Found finite state machine <FSM_0> for signal <state_reg>.
    -----------------------------------------------------------------------
    | States             | 4                                              |
    | Transitions        | 12                                             |
    | Inputs             | 5                                              |
    | Outputs            | 2                                              |
    | Clock              | clk (rising_edge)                              |
    | Reset              | reset (positive)                               |
    | Reset type         | asynchronous                                   |
    | Reset State        | idle                                           |
    | Power Up State     | idle                                           |
    | Encoding           | auto                                           |
    | Implementation     | LUT                                            |
    -----------------------------------------------------------------------
    Found 3-bit adder for signal <n_reg[2]_GND_4_o_add_16_OUT> created at line 1241.
    Found 4-bit adder for signal <s_reg[3]_GND_4_o_add_29_OUT> created at line 1241.
    Found 4-bit 4-to-1 multiplexer for signal <s_next> created at line 76.
WARNING:Xst:737 - Found 1-bit latch for signal <rx_done_tick>. Latches may be generated from incomplete case or if statements. We do not recommend the use of latches in FPGA/CPLD designs, as they may lead to timing problems.
    Summary:
	inferred   2 Adder/Subtractor(s).
	inferred  15 D-type flip-flop(s).
	inferred   1 Latch(s).
	inferred  10 Multiplexer(s).
	inferred   1 Finite State Machine(s).
Unit <RxModule> synthesized.

=========================================================================
HDL Synthesis Report

Macro Statistics
# Adders/Subtractors                                   : 2
 3-bit adder                                           : 1
 4-bit adder                                           : 1
# Registers                                            : 3
 3-bit register                                        : 1
 4-bit register                                        : 1
 8-bit register                                        : 1
# Latches                                              : 1
 1-bit latch                                           : 1
# Multiplexers                                         : 10
 1-bit 2-to-1 multiplexer                              : 1
 3-bit 2-to-1 multiplexer                              : 1
 4-bit 2-to-1 multiplexer                              : 7
 4-bit 4-to-1 multiplexer                              : 1
# FSMs                                                 : 1

=========================================================================

=========================================================================
*                       Advanced HDL Synthesis                          *
=========================================================================

WARNING:Xst - The specified part-type was not generated at build time. XST is loading the full part-type and will therefore consume more CPU and memory.
Loading device for application Rf_Device from file '7a100t.nph' in environment /opt/Xilinx/14.7/ISE_DS/ISE/.
Loading device for application Rf_Device from file '7a100t.nph' in environment /opt/Xilinx/14.7/ISE_DS/ISE/.
WARNING:Xst:1710 - FF/Latch <rx_done_tick> (without init value) has a constant value of 1 in block <RxModule>. This FF/Latch will be trimmed during the optimization process.

Synthesizing (advanced) Unit <RxModule>.
The following registers are absorbed into counter <n_reg>: 1 register on signal <n_reg>.
Unit <RxModule> synthesized (advanced).

=========================================================================
Advanced HDL Synthesis Report

Macro Statistics
# Adders/Subtractors                                   : 1
 4-bit adder                                           : 1
# Counters                                             : 1
 3-bit up counter                                      : 1
# Registers                                            : 12
 Flip-Flops                                            : 12
# Multiplexers                                         : 9
 1-bit 2-to-1 multiplexer                              : 1
 4-bit 2-to-1 multiplexer                              : 7
 4-bit 4-to-1 multiplexer                              : 1
# FSMs                                                 : 1

=========================================================================

=========================================================================
*                         Low Level Synthesis                           *
=========================================================================
WARNING:Xst:1710 - FF/Latch <rx_done_tick> (without init value) has a constant value of 1 in block <RxModule>. This FF/Latch will be trimmed during the optimization process.
Analyzing FSM <MFsm> for best encoding.
Optimizing FSM <FSM_0> on signal <state_reg[1:2]> with gray encoding.
-------------------
 State | Encoding
-------------------
 idle  | 00
 start | 01
 data  | 11
 stop  | 10
-------------------

Optimizing unit <RxModule> ...

Mapping all equations...
Building and optimizing final netlist ...
Found area constraint ratio of 100 (+ 5) on block RxModule, actual ratio is 0.

Final Macro Processing ...

=========================================================================
Final Register Report

Macro Statistics
# Registers                                            : 17
 Flip-Flops                                            : 17

=========================================================================

=========================================================================
*                           Partition Report                            *
=========================================================================

Partition Implementation Status
-------------------------------

  No Partitions were found in this design.

-------------------------------

=========================================================================
*                            Design Summary                             *
=========================================================================

Top Level Output File Name         : RxModule.ngc

Primitive and Black Box Usage:
------------------------------
# BELS                             : 18
#      LUT2                        : 1
#      LUT3                        : 2
#      LUT4                        : 6
#      LUT5                        : 1
#      LUT6                        : 7
#      VCC                         : 1
# FlipFlops/Latches                : 17
#      FDC                         : 6
#      FDCE                        : 11
# Clock Buffers                    : 1
#      BUFGP                       : 1
# IO Buffers                       : 12
#      IBUF                        : 3
#      OBUF                        : 9

Device utilization summary:
---------------------------

Selected Device : xa7a100tcsg324-2i 


Slice Logic Utilization: 
 Number of Slice Registers:              17  out of  126800     0%  
 Number of Slice LUTs:                   17  out of  63400     0%  
    Number used as Logic:                17  out of  63400     0%  

Slice Logic Distribution: 
 Number of LUT Flip Flop pairs used:     25
   Number with an unused Flip Flop:       8  out of     25    32%  
   Number with an unused LUT:             8  out of     25    32%  
   Number of fully used LUT-FF pairs:     9  out of     25    36%  
   Number of unique control sets:         3

IO Utilization: 
 Number of IOs:                          13
 Number of bonded IOBs:                  13  out of    210     6%  

Specific Feature Utilization:
 Number of BUFG/BUFGCTRLs:                1  out of     32     3%  

---------------------------
Partition Resource Summary:
---------------------------

  No Partitions were found in this design.

---------------------------


=========================================================================
Timing Report

NOTE: THESE TIMING NUMBERS ARE ONLY A SYNTHESIS ESTIMATE.
      FOR ACCURATE TIMING INFORMATION PLEASE REFER TO THE TRACE REPORT
      GENERATED AFTER PLACE-and-ROUTE.

Clock Information:
------------------
-----------------------------------+------------------------+-------+
Clock Signal                       | Clock buffer(FF name)  | Load  |
-----------------------------------+------------------------+-------+
clk                                | BUFGP                  | 17    |
-----------------------------------+------------------------+-------+

Asynchronous Control Signals Information:
----------------------------------------
No asynchronous control signals found in this design

Timing Summary:
---------------
Speed Grade: -2

   Minimum period: 1.994ns (Maximum Frequency: 501.379MHz)
   Minimum input arrival time before clock: 1.685ns
   Maximum output required time after clock: 0.705ns
   Maximum combinational path delay: No path found

Timing Details:
---------------
All values displayed in nanoseconds (ns)

=========================================================================
Timing constraint: Default period analysis for Clock 'clk'
  Clock period: 1.994ns (frequency: 501.379MHz)
  Total number of paths / destination ports: 129 / 27
-------------------------------------------------------------------------
Delay:               1.994ns (Levels of Logic = 2)
  Source:            s_reg_0 (FF)
  Destination:       b_reg_0 (FF)
  Source Clock:      clk rising
  Destination Clock: clk rising

  Data Path: s_reg_0 to b_reg_0
                                Gate     Net
    Cell:in->out      fanout   Delay   Delay  Logical Name (Net Name)
    ----------------------------------------  ------------
     FDC:C->Q              5   0.361   0.594  s_reg_0 (s_reg_0)
     LUT4:I1->O            4   0.097   0.372  Mmux_s_next411 (Mmux_s_next41)
     LUT4:I3->O            8   0.097   0.378  _n0118_inv1 (_n0118_inv)
     FDCE:CE                   0.095          b_reg_0
    ----------------------------------------
    Total                      1.994ns (0.650ns logic, 1.345ns route)
                                       (32.6% logic, 67.4% route)

=========================================================================
Timing constraint: Default OFFSET IN BEFORE for Clock 'clk'
  Total number of paths / destination ports: 42 / 35
-------------------------------------------------------------------------
Offset:              1.685ns (Levels of Logic = 3)
  Source:            s_tick (PAD)
  Destination:       b_reg_0 (FF)
  Destination Clock: clk rising

  Data Path: s_tick to b_reg_0
                                Gate     Net
    Cell:in->out      fanout   Delay   Delay  Logical Name (Net Name)
    ----------------------------------------  ------------
     IBUF:I->O             6   0.001   0.644  s_tick_IBUF (s_tick_IBUF)
     LUT4:I0->O            4   0.097   0.372  Mmux_s_next411 (Mmux_s_next41)
     LUT4:I3->O            8   0.097   0.378  _n0118_inv1 (_n0118_inv)
     FDCE:CE                   0.095          b_reg_0
    ----------------------------------------
    Total                      1.685ns (0.290ns logic, 1.395ns route)
                                       (17.2% logic, 82.8% route)

=========================================================================
Timing constraint: Default OFFSET OUT AFTER for Clock 'clk'
  Total number of paths / destination ports: 8 / 8
-------------------------------------------------------------------------
Offset:              0.705ns (Levels of Logic = 1)
  Source:            b_reg_7 (FF)
  Destination:       dout<7> (PAD)
  Source Clock:      clk rising

  Data Path: b_reg_7 to dout<7>
                                Gate     Net
    Cell:in->out      fanout   Delay   Delay  Logical Name (Net Name)
    ----------------------------------------  ------------
     FDCE:C->Q             2   0.361   0.344  b_reg_7 (b_reg_7)
     OBUF:I->O                 0.000          dout_7_OBUF (dout<7>)
    ----------------------------------------
    Total                      0.705ns (0.361ns logic, 0.344ns route)
                                       (51.2% logic, 48.8% route)

=========================================================================

Cross Clock Domains Report:
--------------------------

Clock to Setup on destination clock clk
---------------+---------+---------+---------+---------+
               | Src:Rise| Src:Fall| Src:Rise| Src:Fall|
Source Clock   |Dest:Rise|Dest:Rise|Dest:Fall|Dest:Fall|
---------------+---------+---------+---------+---------+
clk            |    1.994|         |         |         |
---------------+---------+---------+---------+---------+

=========================================================================


Total REAL time to Xst completion: 37.00 secs
Total CPU time to Xst completion: 34.07 secs
 
--> 


Total memory usage is 864432 kilobytes

Number of errors   :    0 (   0 filtered)
Number of warnings :    6 (   0 filtered)
Number of infos    :    0 (   0 filtered)

