Release 14.7 - xst P.20131013 (lin64)
Copyright (c) 1995-2013 Xilinx, Inc.  All rights reserved.
--> 
Parameter TMPDIR set to xst/projnav.tmp


Total REAL time to Xst completion: 0.00 secs
Total CPU time to Xst completion: 0.06 secs
 
--> 
Parameter xsthdpdir set to xst


Total REAL time to Xst completion: 0.00 secs
Total CPU time to Xst completion: 0.06 secs
 
--> 
Reading design: UART_top.prj

TABLE OF CONTENTS
  1) Synthesis Options Summary
  2) HDL Parsing
  3) HDL Elaboration
  4) HDL Synthesis
       4.1) HDL Synthesis Report
  5) Advanced HDL Synthesis
       5.1) Advanced HDL Synthesis Report
  6) Low Level Synthesis
  7) Partition Report
  8) Design Summary
       8.1) Primitive and Black Box Usage
       8.2) Device utilization summary
       8.3) Partition Resource Summary
       8.4) Timing Report
            8.4.1) Clock Information
            8.4.2) Asynchronous Control Signals Information
            8.4.3) Timing Summary
            8.4.4) Timing Details
            8.4.5) Cross Clock Domains Report


=========================================================================
*                      Synthesis Options Summary                        *
=========================================================================
---- Source Parameters
Input File Name                    : "UART_top.prj"
Ignore Synthesis Constraint File   : NO

---- Target Parameters
Output File Name                   : "UART_top"
Output Format                      : NGC
Target Device                      : xc6slx45-3-csg324

---- Source Options
Top Module Name                    : UART_top
Automatic FSM Extraction           : YES
FSM Encoding Algorithm             : Auto
Safe Implementation                : No
FSM Style                          : LUT
RAM Extraction                     : Yes
RAM Style                          : Auto
ROM Extraction                     : Yes
Shift Register Extraction          : YES
ROM Style                          : Auto
Resource Sharing                   : YES
Asynchronous To Synchronous        : NO
Shift Register Minimum Size        : 2
Use DSP Block                      : Auto
Automatic Register Balancing       : No

---- Target Options
LUT Combining                      : Auto
Reduce Control Sets                : Auto
Add IO Buffers                     : YES
Global Maximum Fanout              : 100000
Add Generic Clock Buffer(BUFG)     : 16
Register Duplication               : YES
Optimize Instantiated Primitives   : NO
Use Clock Enable                   : Auto
Use Synchronous Set                : Auto
Use Synchronous Reset              : Auto
Pack IO Registers into IOBs        : Auto
Equivalent register Removal        : YES

---- General Options
Optimization Goal                  : Speed
Optimization Effort                : 1
Power Reduction                    : NO
Keep Hierarchy                     : No
Netlist Hierarchy                  : As_Optimized
RTL Output                         : Yes
Global Optimization                : AllClockNets
Read Cores                         : YES
Write Timing Constraints           : NO
Cross Clock Analysis               : NO
Hierarchy Separator                : /
Bus Delimiter                      : <>
Case Specifier                     : Maintain
Slice Utilization Ratio            : 100
BRAM Utilization Ratio             : 100
DSP48 Utilization Ratio            : 100
Auto BRAM Packing                  : NO
Slice Utilization Ratio Delta      : 5

=========================================================================


=========================================================================
*                          HDL Parsing                                  *
=========================================================================
Parsing VHDL file "/home/rishav/logic/code_repository/UART/RxModule.vhd" into library work
Parsing entity <RxModule>.
Parsing architecture <Behavioral> of entity <rxmodule>.
Parsing VHDL file "/home/rishav/logic/code_repository/UART/BaudRateGenerator.vhd" into library work
Parsing entity <BaudRateGenerator>.
Parsing architecture <Behavioral> of entity <baudrategenerator>.
Parsing VHDL file "/home/rishav/logic/code_repository/UART/UART_top.vhd" into library work
Parsing entity <UART_top>.
Parsing architecture <Behavioral> of entity <uart_top>.

=========================================================================
*                            HDL Elaboration                            *
=========================================================================

Elaborating entity <UART_top> (architecture <Behavioral>) from library <work>.

Elaborating entity <RxModule> (architecture <Behavioral>) with generics from library <work>.

Elaborating entity <BaudRateGenerator> (architecture <Behavioral>) from library <work>.

=========================================================================
*                           HDL Synthesis                               *
=========================================================================

Synthesizing Unit <UART_top>.
    Related source file is "/home/rishav/logic/code_repository/UART/UART_top.vhd".
    Summary:
	no macro.
Unit <UART_top> synthesized.

Synthesizing Unit <RxModule>.
    Related source file is "/home/rishav/logic/code_repository/UART/RxModule.vhd".
        DBIT = 8
        SB_TICK = 16
    Found 4-bit register for signal <s_reg>.
    Found 3-bit register for signal <n_reg>.
    Found 8-bit register for signal <b_reg>.
    Found 2-bit register for signal <state_reg>.
    Found finite state machine <FSM_0> for signal <state_reg>.
    -----------------------------------------------------------------------
    | States             | 4                                              |
    | Transitions        | 12                                             |
    | Inputs             | 5                                              |
    | Outputs            | 2                                              |
    | Clock              | clk (rising_edge)                              |
    | Reset              | reset (positive)                               |
    | Reset type         | asynchronous                                   |
    | Reset State        | idle                                           |
    | Power Up State     | idle                                           |
    | Encoding           | auto                                           |
    | Implementation     | LUT                                            |
    -----------------------------------------------------------------------
    Found 3-bit adder for signal <n_reg[2]_GND_5_o_add_16_OUT> created at line 1241.
    Found 4-bit adder for signal <s_reg[3]_GND_5_o_add_29_OUT> created at line 1241.
    Found 4-bit 4-to-1 multiplexer for signal <s_next> created at line 78.
    Summary:
	inferred   2 Adder/Subtractor(s).
	inferred  15 D-type flip-flop(s).
	inferred  11 Multiplexer(s).
	inferred   1 Finite State Machine(s).
Unit <RxModule> synthesized.

Synthesizing Unit <BaudRateGenerator>.
    Related source file is "/home/rishav/logic/code_repository/UART/BaudRateGenerator.vhd".
    Found 10-bit register for signal <counter_reg>.
    Found 10-bit subtractor for signal <GND_6_o_GND_6_o_sub_3_OUT<9:0>> created at line 1308.
    Summary:
	inferred   1 Adder/Subtractor(s).
	inferred  10 D-type flip-flop(s).
	inferred   1 Multiplexer(s).
Unit <BaudRateGenerator> synthesized.

=========================================================================
HDL Synthesis Report

Macro Statistics
# Adders/Subtractors                                   : 3
 10-bit subtractor                                     : 1
 3-bit adder                                           : 1
 4-bit adder                                           : 1
# Registers                                            : 4
 10-bit register                                       : 1
 3-bit register                                        : 1
 4-bit register                                        : 1
 8-bit register                                        : 1
# Multiplexers                                         : 12
 1-bit 2-to-1 multiplexer                              : 2
 10-bit 2-to-1 multiplexer                             : 1
 3-bit 2-to-1 multiplexer                              : 1
 4-bit 2-to-1 multiplexer                              : 7
 4-bit 4-to-1 multiplexer                              : 1
# FSMs                                                 : 1

=========================================================================

=========================================================================
*                       Advanced HDL Synthesis                          *
=========================================================================


Synthesizing (advanced) Unit <RxModule>.
The following registers are absorbed into counter <n_reg>: 1 register on signal <n_reg>.
Unit <RxModule> synthesized (advanced).

=========================================================================
Advanced HDL Synthesis Report

Macro Statistics
# Adders/Subtractors                                   : 2
 10-bit subtractor                                     : 1
 4-bit adder                                           : 1
# Counters                                             : 1
 3-bit up counter                                      : 1
# Registers                                            : 22
 Flip-Flops                                            : 22
# Multiplexers                                         : 11
 1-bit 2-to-1 multiplexer                              : 2
 10-bit 2-to-1 multiplexer                             : 1
 4-bit 2-to-1 multiplexer                              : 7
 4-bit 4-to-1 multiplexer                              : 1
# FSMs                                                 : 1

=========================================================================

=========================================================================
*                         Low Level Synthesis                           *
=========================================================================
Analyzing FSM <MFsm> for best encoding.
Optimizing FSM <Inst_RxModule/FSM_0> on signal <state_reg[1:2]> with gray encoding.
-------------------
 State | Encoding
-------------------
 idle  | 00
 start | 01
 data  | 11
 stop  | 10
-------------------

Optimizing unit <UART_top> ...

Optimizing unit <RxModule> ...

Optimizing unit <BaudRateGenerator> ...

Mapping all equations...
Building and optimizing final netlist ...
Found area constraint ratio of 100 (+ 5) on block UART_top, actual ratio is 0.

Final Macro Processing ...

=========================================================================
Final Register Report

Macro Statistics
# Registers                                            : 27
 Flip-Flops                                            : 27

=========================================================================

=========================================================================
*                           Partition Report                            *
=========================================================================

Partition Implementation Status
-------------------------------

  No Partitions were found in this design.

-------------------------------

=========================================================================
*                            Design Summary                             *
=========================================================================

Top Level Output File Name         : UART_top.ngc

Primitive and Black Box Usage:
------------------------------
# BELS                             : 77
#      INV                         : 1
#      LUT2                        : 4
#      LUT3                        : 15
#      LUT4                        : 11
#      LUT5                        : 7
#      LUT6                        : 36
#      MUXF7                       : 3
# FlipFlops/Latches                : 27
#      FDC                         : 22
#      FDP                         : 5
# Clock Buffers                    : 1
#      BUFGP                       : 1
# IO Buffers                       : 11
#      IBUF                        : 2
#      OBUF                        : 9

Device utilization summary:
---------------------------

Selected Device : 6slx45csg324-3 


Slice Logic Utilization: 
 Number of Slice Registers:              27  out of  54576     0%  
 Number of Slice LUTs:                   74  out of  27288     0%  
    Number used as Logic:                74  out of  27288     0%  

Slice Logic Distribution: 
 Number of LUT Flip Flop pairs used:     74
   Number with an unused Flip Flop:      47  out of     74    63%  
   Number with an unused LUT:             0  out of     74     0%  
   Number of fully used LUT-FF pairs:    27  out of     74    36%  
   Number of unique control sets:         1

IO Utilization: 
 Number of IOs:                          12
 Number of bonded IOBs:                  12  out of    218     5%  

Specific Feature Utilization:
 Number of BUFG/BUFGCTRLs:                1  out of     16     6%  

---------------------------
Partition Resource Summary:
---------------------------

  No Partitions were found in this design.

---------------------------


=========================================================================
Timing Report

NOTE: THESE TIMING NUMBERS ARE ONLY A SYNTHESIS ESTIMATE.
      FOR ACCURATE TIMING INFORMATION PLEASE REFER TO THE TRACE REPORT
      GENERATED AFTER PLACE-and-ROUTE.

Clock Information:
------------------
-----------------------------------+------------------------+-------+
Clock Signal                       | Clock buffer(FF name)  | Load  |
-----------------------------------+------------------------+-------+
clk                                | BUFGP                  | 27    |
-----------------------------------+------------------------+-------+

Asynchronous Control Signals Information:
----------------------------------------
No asynchronous control signals found in this design

Timing Summary:
---------------
Speed Grade: -3

   Minimum period: 3.940ns (Maximum Frequency: 253.778MHz)
   Minimum input arrival time before clock: 4.318ns
   Maximum output required time after clock: 7.558ns
   Maximum combinational path delay: No path found

Timing Details:
---------------
All values displayed in nanoseconds (ns)

=========================================================================
Timing constraint: Default period analysis for Clock 'clk'
  Clock period: 3.940ns (frequency: 253.778MHz)
  Total number of paths / destination ports: 440 / 27
-------------------------------------------------------------------------
Delay:               3.940ns (Levels of Logic = 3)
  Source:            Inst_BaudRateGenerator/counter_reg_5 (FF)
  Destination:       Inst_RxModule/s_reg_2 (FF)
  Source Clock:      clk rising
  Destination Clock: clk rising

  Data Path: Inst_BaudRateGenerator/counter_reg_5 to Inst_RxModule/s_reg_2
                                Gate     Net
    Cell:in->out      fanout   Delay   Delay  Logical Name (Net Name)
    ----------------------------------------  ------------
     FDC:C->Q              4   0.447   1.048  Inst_BaudRateGenerator/counter_reg_5 (Inst_BaudRateGenerator/counter_reg_5)
     LUT6:I0->O           21   0.203   1.114  Inst_BaudRateGenerator/Mmux_counter_next721 (Inst_BaudRateGenerator/Mmux_counter_next72)
     LUT5:I4->O            2   0.205   0.617  Inst_BaudRateGenerator/sampling_tick<9>1 (s_tick)
     LUT6:I5->O            1   0.205   0.000  Inst_RxModule/Mmux_s_next24 (Inst_RxModule/s_next<1>)
     FDC:D                     0.102          Inst_RxModule/s_reg_1
    ----------------------------------------
    Total                      3.940ns (1.162ns logic, 2.778ns route)
                                       (29.5% logic, 70.5% route)

=========================================================================
Timing constraint: Default OFFSET IN BEFORE for Clock 'clk'
  Total number of paths / destination ports: 37 / 33
-------------------------------------------------------------------------
Offset:              4.318ns (Levels of Logic = 4)
  Source:            rx (PAD)
  Destination:       Inst_RxModule/b_reg_7 (FF)
  Destination Clock: clk rising

  Data Path: rx to Inst_RxModule/b_reg_7
                                Gate     Net
    Cell:in->out      fanout   Delay   Delay  Logical Name (Net Name)
    ----------------------------------------  ------------
     IBUF:I->O            10   1.222   1.221  rx_IBUF (rx_IBUF)
     LUT6:I0->O            1   0.203   0.580  Inst_RxModule/Mmux_s_next411_SW5_G (N53)
     LUT3:I2->O            1   0.205   0.580  Inst_RxModule/Mmux_s_next411_SW51 (N26)
     LUT6:I5->O            1   0.205   0.000  Inst_RxModule/b_reg_7_rstpot (Inst_RxModule/b_reg_7_rstpot)
     FDC:D                     0.102          Inst_RxModule/b_reg_7
    ----------------------------------------
    Total                      4.318ns (1.937ns logic, 2.381ns route)
                                       (44.9% logic, 55.1% route)

=========================================================================
Timing constraint: Default OFFSET OUT AFTER for Clock 'clk'
  Total number of paths / destination ports: 24 / 9
-------------------------------------------------------------------------
Offset:              7.558ns (Levels of Logic = 4)
  Source:            Inst_BaudRateGenerator/counter_reg_5 (FF)
  Destination:       rx_done_tick (PAD)
  Source Clock:      clk rising

  Data Path: Inst_BaudRateGenerator/counter_reg_5 to rx_done_tick
                                Gate     Net
    Cell:in->out      fanout   Delay   Delay  Logical Name (Net Name)
    ----------------------------------------  ------------
     FDC:C->Q              4   0.447   1.048  Inst_BaudRateGenerator/counter_reg_5 (Inst_BaudRateGenerator/counter_reg_5)
     LUT6:I0->O           21   0.203   1.478  Inst_BaudRateGenerator/Mmux_counter_next721 (Inst_BaudRateGenerator/Mmux_counter_next72)
     LUT6:I0->O            1   0.203   0.827  Inst_RxModule/Mmux_s_next411 (Inst_RxModule/Mmux_s_next41)
     LUT4:I0->O            1   0.203   0.579  Inst_RxModule/Mmux_rx_done_tick11 (rx_done_tick_OBUF)
     OBUF:I->O                 2.571          rx_done_tick_OBUF (rx_done_tick)
    ----------------------------------------
    Total                      7.558ns (3.627ns logic, 3.931ns route)
                                       (48.0% logic, 52.0% route)

=========================================================================

Cross Clock Domains Report:
--------------------------

Clock to Setup on destination clock clk
---------------+---------+---------+---------+---------+
               | Src:Rise| Src:Fall| Src:Rise| Src:Fall|
Source Clock   |Dest:Rise|Dest:Rise|Dest:Fall|Dest:Fall|
---------------+---------+---------+---------+---------+
clk            |    3.940|         |         |         |
---------------+---------+---------+---------+---------+

=========================================================================


Total REAL time to Xst completion: 7.00 secs
Total CPU time to Xst completion: 5.74 secs
 
--> 


Total memory usage is 397120 kilobytes

Number of errors   :    0 (   0 filtered)
Number of warnings :    0 (   0 filtered)
Number of infos    :    0 (   0 filtered)

