Release 14.7 - xst P.20131013 (lin64)
Copyright (c) 1995-2013 Xilinx, Inc.  All rights reserved.
--> 
Parameter TMPDIR set to xst/projnav.tmp


Total REAL time to Xst completion: 1.00 secs
Total CPU time to Xst completion: 0.05 secs
 
--> 
Parameter xsthdpdir set to xst


Total REAL time to Xst completion: 1.00 secs
Total CPU time to Xst completion: 0.05 secs
 
--> 
Reading design: Arbiter.prj

TABLE OF CONTENTS
  1) Synthesis Options Summary
  2) HDL Parsing
  3) HDL Elaboration
  4) HDL Synthesis
       4.1) HDL Synthesis Report
  5) Advanced HDL Synthesis
       5.1) Advanced HDL Synthesis Report
  6) Low Level Synthesis
  7) Partition Report
  8) Design Summary
       8.1) Primitive and Black Box Usage
       8.2) Device utilization summary
       8.3) Partition Resource Summary
       8.4) Timing Report
            8.4.1) Clock Information
            8.4.2) Asynchronous Control Signals Information
            8.4.3) Timing Summary
            8.4.4) Timing Details
            8.4.5) Cross Clock Domains Report


=========================================================================
*                      Synthesis Options Summary                        *
=========================================================================
---- Source Parameters
Input File Name                    : "Arbiter.prj"
Ignore Synthesis Constraint File   : NO

---- Target Parameters
Output File Name                   : "Arbiter"
Output Format                      : NGC
Target Device                      : xc6slx45-3-csg324

---- Source Options
Top Module Name                    : Arbiter
Automatic FSM Extraction           : YES
FSM Encoding Algorithm             : Auto
Safe Implementation                : No
FSM Style                          : LUT
RAM Extraction                     : Yes
RAM Style                          : Auto
ROM Extraction                     : Yes
Shift Register Extraction          : YES
ROM Style                          : Auto
Resource Sharing                   : YES
Asynchronous To Synchronous        : NO
Shift Register Minimum Size        : 2
Use DSP Block                      : Auto
Automatic Register Balancing       : No

---- Target Options
LUT Combining                      : Auto
Reduce Control Sets                : Auto
Add IO Buffers                     : YES
Global Maximum Fanout              : 100000
Add Generic Clock Buffer(BUFG)     : 16
Register Duplication               : YES
Optimize Instantiated Primitives   : NO
Use Clock Enable                   : Auto
Use Synchronous Set                : Auto
Use Synchronous Reset              : Auto
Pack IO Registers into IOBs        : Auto
Equivalent register Removal        : YES

---- General Options
Optimization Goal                  : Speed
Optimization Effort                : 1
Power Reduction                    : NO
Keep Hierarchy                     : No
Netlist Hierarchy                  : As_Optimized
RTL Output                         : Yes
Global Optimization                : AllClockNets
Read Cores                         : YES
Write Timing Constraints           : NO
Cross Clock Analysis               : NO
Hierarchy Separator                : /
Bus Delimiter                      : <>
Case Specifier                     : Maintain
Slice Utilization Ratio            : 100
BRAM Utilization Ratio             : 100
DSP48 Utilization Ratio            : 100
Auto BRAM Packing                  : NO
Slice Utilization Ratio Delta      : 5

=========================================================================


=========================================================================
*                          HDL Parsing                                  *
=========================================================================
Parsing VHDL file "/home/rishav/logic/code_repository/WeightedRoundRobin2/Arbiter.vhd" into library work
Parsing entity <Arbiter>.
Parsing architecture <Behavioral> of entity <arbiter>.

=========================================================================
*                            HDL Elaboration                            *
=========================================================================

Elaborating entity <Arbiter> (architecture <Behavioral>) with generics from library <work>.

=========================================================================
*                           HDL Synthesis                               *
=========================================================================

Synthesizing Unit <Arbiter>.
    Related source file is "/home/rishav/logic/code_repository/WeightedRoundRobin2/Arbiter.vhd".
        weight0 = "1111"
        weight1 = "1110"
        weight2 = "0011"
        weight3 = "0001"
    Found 4-bit register for signal <counter_reg<0>>.
    Found 4-bit register for signal <counter_reg<2>>.
    Found 4-bit register for signal <counter_reg<3>>.
    Found 4-bit register for signal <counter_reg<1>>.
    Found 2-bit register for signal <masterPort>.
    Found 1-bit register for signal <reqValid>.
    Found 4-bit register for signal <ack>.
    Found 4-bit subtractor for signal <GND_5_o_GND_5_o_sub_9_OUT<3:0>> created at line 84.
    Found 4-bit subtractor for signal <GND_5_o_GND_5_o_sub_11_OUT<3:0>> created at line 92.
    Found 4-bit subtractor for signal <GND_5_o_GND_5_o_sub_13_OUT<3:0>> created at line 101.
    Found 4-bit subtractor for signal <GND_5_o_GND_5_o_sub_15_OUT<3:0>> created at line 110.
    Summary:
	inferred   4 Adder/Subtractor(s).
	inferred  23 D-type flip-flop(s).
	inferred  11 Multiplexer(s).
Unit <Arbiter> synthesized.

=========================================================================
HDL Synthesis Report

Macro Statistics
# Adders/Subtractors                                   : 4
 4-bit subtractor                                      : 4
# Registers                                            : 7
 1-bit register                                        : 1
 2-bit register                                        : 1
 4-bit register                                        : 5
# Multiplexers                                         : 11
 1-bit 2-to-1 multiplexer                              : 3
 2-bit 2-to-1 multiplexer                              : 3
 4-bit 2-to-1 multiplexer                              : 5

=========================================================================

=========================================================================
*                       Advanced HDL Synthesis                          *
=========================================================================


Synthesizing (advanced) Unit <Arbiter>.
The following registers are absorbed into counter <counter_reg_0>: 1 register on signal <counter_reg_0>.
The following registers are absorbed into counter <counter_reg_2>: 1 register on signal <counter_reg_2>.
The following registers are absorbed into counter <counter_reg_3>: 1 register on signal <counter_reg_3>.
The following registers are absorbed into counter <counter_reg_1>: 1 register on signal <counter_reg_1>.
Unit <Arbiter> synthesized (advanced).

=========================================================================
Advanced HDL Synthesis Report

Macro Statistics
# Counters                                             : 4
 4-bit down counter                                    : 4
# Registers                                            : 7
 Flip-Flops                                            : 7
# Multiplexers                                         : 7
 1-bit 2-to-1 multiplexer                              : 3
 2-bit 2-to-1 multiplexer                              : 3
 4-bit 2-to-1 multiplexer                              : 1

=========================================================================

=========================================================================
*                         Low Level Synthesis                           *
=========================================================================

Optimizing unit <Arbiter> ...
WARNING:Xst:1710 - FF/Latch <counter_reg_3_3> (without init value) has a constant value of 0 in block <Arbiter>. This FF/Latch will be trimmed during the optimization process.
WARNING:Xst:1710 - FF/Latch <counter_reg_3_2> (without init value) has a constant value of 0 in block <Arbiter>. This FF/Latch will be trimmed during the optimization process.
WARNING:Xst:1710 - FF/Latch <counter_reg_3_1> (without init value) has a constant value of 0 in block <Arbiter>. This FF/Latch will be trimmed during the optimization process.
WARNING:Xst:1710 - FF/Latch <counter_reg_2_2> (without init value) has a constant value of 0 in block <Arbiter>. This FF/Latch will be trimmed during the optimization process.
WARNING:Xst:1895 - Due to other FF/Latch trimming, FF/Latch <counter_reg_2_3> (without init value) has a constant value of 0 in block <Arbiter>. This FF/Latch will be trimmed during the optimization process.

Mapping all equations...
Building and optimizing final netlist ...
Found area constraint ratio of 100 (+ 5) on block Arbiter, actual ratio is 0.

Final Macro Processing ...

=========================================================================
Final Register Report

Macro Statistics
# Registers                                            : 18
 Flip-Flops                                            : 18

=========================================================================

=========================================================================
*                           Partition Report                            *
=========================================================================

Partition Implementation Status
-------------------------------

  No Partitions were found in this design.

-------------------------------

=========================================================================
*                            Design Summary                             *
=========================================================================

Top Level Output File Name         : Arbiter.ngc

Primitive and Black Box Usage:
------------------------------
# BELS                             : 29
#      LUT2                        : 2
#      LUT3                        : 6
#      LUT4                        : 6
#      LUT5                        : 6
#      LUT6                        : 9
# FlipFlops/Latches                : 18
#      FD                          : 4
#      FDC                         : 3
#      FDCE                        : 1
#      FDP                         : 1
#      FDPE                        : 9
# Clock Buffers                    : 1
#      BUFGP                       : 1
# IO Buffers                       : 12
#      IBUF                        : 5
#      OBUF                        : 7

Device utilization summary:
---------------------------

Selected Device : 6slx45csg324-3 


Slice Logic Utilization: 
 Number of Slice Registers:              18  out of  54576     0%  
 Number of Slice LUTs:                   29  out of  27288     0%  
    Number used as Logic:                29  out of  27288     0%  

Slice Logic Distribution: 
 Number of LUT Flip Flop pairs used:     29
   Number with an unused Flip Flop:      11  out of     29    37%  
   Number with an unused LUT:             0  out of     29     0%  
   Number of fully used LUT-FF pairs:    18  out of     29    62%  
   Number of unique control sets:         5

IO Utilization: 
 Number of IOs:                          13
 Number of bonded IOBs:                  13  out of    218     5%  

Specific Feature Utilization:
 Number of BUFG/BUFGCTRLs:                1  out of     16     6%  

---------------------------
Partition Resource Summary:
---------------------------

  No Partitions were found in this design.

---------------------------


=========================================================================
Timing Report

NOTE: THESE TIMING NUMBERS ARE ONLY A SYNTHESIS ESTIMATE.
      FOR ACCURATE TIMING INFORMATION PLEASE REFER TO THE TRACE REPORT
      GENERATED AFTER PLACE-and-ROUTE.

Clock Information:
------------------
-----------------------------------+------------------------+-------+
Clock Signal                       | Clock buffer(FF name)  | Load  |
-----------------------------------+------------------------+-------+
clk                                | BUFGP                  | 18    |
-----------------------------------+------------------------+-------+

Asynchronous Control Signals Information:
----------------------------------------
No asynchronous control signals found in this design

Timing Summary:
---------------
Speed Grade: -3

   Minimum period: 3.864ns (Maximum Frequency: 258.769MHz)
   Minimum input arrival time before clock: 4.714ns
   Maximum output required time after clock: 3.634ns
   Maximum combinational path delay: No path found

Timing Details:
---------------
All values displayed in nanoseconds (ns)

=========================================================================
Timing constraint: Default period analysis for Clock 'clk'
  Clock period: 3.864ns (frequency: 258.769MHz)
  Total number of paths / destination ports: 231 / 28
-------------------------------------------------------------------------
Delay:               3.864ns (Levels of Logic = 3)
  Source:            counter_reg_0_2 (FF)
  Destination:       counter_reg_2_1 (FF)
  Source Clock:      clk rising
  Destination Clock: clk rising

  Data Path: counter_reg_0_2 to counter_reg_2_1
                                Gate     Net
    Cell:in->out      fanout   Delay   Delay  Logical Name (Net Name)
    ----------------------------------------  ------------
     FDPE:C->Q             3   0.447   0.879  counter_reg_0_2 (counter_reg_0_2)
     LUT4:I1->O           10   0.205   0.961  Reset_OR_DriverANDClockEnable11 (Reset_OR_DriverANDClockEnable1)
     LUT6:I4->O            2   0.203   0.864  _n0150_inv1_rstpot (_n0150_inv1_rstpot)
     LUT4:I0->O            1   0.203   0.000  counter_reg_2_1_dpot (counter_reg_2_1_dpot)
     FDPE:D                    0.102          counter_reg_2_1
    ----------------------------------------
    Total                      3.864ns (1.160ns logic, 2.704ns route)
                                       (30.0% logic, 70.0% route)

=========================================================================
Timing constraint: Default OFFSET IN BEFORE for Clock 'clk'
  Total number of paths / destination ports: 135 / 42
-------------------------------------------------------------------------
Offset:              4.714ns (Levels of Logic = 4)
  Source:            req<3> (PAD)
  Destination:       counter_reg_2_1 (FF)
  Destination Clock: clk rising

  Data Path: req<3> to counter_reg_2_1
                                Gate     Net
    Cell:in->out      fanout   Delay   Delay  Logical Name (Net Name)
    ----------------------------------------  ------------
     IBUF:I->O             7   1.222   1.002  req_3_IBUF (req_3_IBUF)
     LUT3:I0->O            4   0.205   0.912  _n0150_inv211 (_n0150_inv21)
     LUT6:I3->O            2   0.205   0.864  _n0150_inv1_rstpot (_n0150_inv1_rstpot)
     LUT4:I0->O            1   0.203   0.000  counter_reg_2_1_dpot (counter_reg_2_1_dpot)
     FDPE:D                    0.102          counter_reg_2_1
    ----------------------------------------
    Total                      4.714ns (1.937ns logic, 2.777ns route)
                                       (41.1% logic, 58.9% route)

=========================================================================
Timing constraint: Default OFFSET OUT AFTER for Clock 'clk'
  Total number of paths / destination ports: 7 / 7
-------------------------------------------------------------------------
Offset:              3.634ns (Levels of Logic = 1)
  Source:            ackReg_3 (FF)
  Destination:       ack<3> (PAD)
  Source Clock:      clk rising

  Data Path: ackReg_3 to ack<3>
                                Gate     Net
    Cell:in->out      fanout   Delay   Delay  Logical Name (Net Name)
    ----------------------------------------  ------------
     FD:C->Q               2   0.447   0.616  ackReg_3 (ackReg_3)
     OBUF:I->O                 2.571          ack_3_OBUF (ack<3>)
    ----------------------------------------
    Total                      3.634ns (3.018ns logic, 0.616ns route)
                                       (83.0% logic, 17.0% route)

=========================================================================

Cross Clock Domains Report:
--------------------------

Clock to Setup on destination clock clk
---------------+---------+---------+---------+---------+
               | Src:Rise| Src:Fall| Src:Rise| Src:Fall|
Source Clock   |Dest:Rise|Dest:Rise|Dest:Fall|Dest:Fall|
---------------+---------+---------+---------+---------+
clk            |    3.864|         |         |         |
---------------+---------+---------+---------+---------+

=========================================================================


Total REAL time to Xst completion: 6.00 secs
Total CPU time to Xst completion: 5.58 secs
 
--> 


Total memory usage is 392684 kilobytes

Number of errors   :    0 (   0 filtered)
Number of warnings :    5 (   0 filtered)
Number of infos    :    0 (   0 filtered)

