Release 14.7 - xst P.20131013 (lin64)
Copyright (c) 1995-2013 Xilinx, Inc.  All rights reserved.
--> 
Parameter TMPDIR set to xst/projnav.tmp


Total REAL time to Xst completion: 0.00 secs
Total CPU time to Xst completion: 0.06 secs
 
--> 
Parameter xsthdpdir set to xst


Total REAL time to Xst completion: 0.00 secs
Total CPU time to Xst completion: 0.06 secs
 
--> 
Reading design: tb_arbiter.prj

TABLE OF CONTENTS
  1) Synthesis Options Summary
  2) HDL Parsing
  3) HDL Elaboration
  4) HDL Synthesis
       4.1) HDL Synthesis Report
  5) Advanced HDL Synthesis
       5.1) Advanced HDL Synthesis Report
  6) Low Level Synthesis
  7) Partition Report
  8) Design Summary
       8.1) Primitive and Black Box Usage
       8.2) Device utilization summary
       8.3) Partition Resource Summary
       8.4) Timing Report
            8.4.1) Clock Information
            8.4.2) Asynchronous Control Signals Information
            8.4.3) Timing Summary
            8.4.4) Timing Details
            8.4.5) Cross Clock Domains Report


=========================================================================
*                      Synthesis Options Summary                        *
=========================================================================
---- Source Parameters
Input File Name                    : "tb_arbiter.prj"
Ignore Synthesis Constraint File   : NO

---- Target Parameters
Output File Name                   : "tb_arbiter"
Output Format                      : NGC
Target Device                      : xc6slx45-3-csg324

---- Source Options
Top Module Name                    : tb_arbiter
Automatic FSM Extraction           : YES
FSM Encoding Algorithm             : Auto
Safe Implementation                : No
FSM Style                          : LUT
RAM Extraction                     : Yes
RAM Style                          : Auto
ROM Extraction                     : Yes
Shift Register Extraction          : YES
ROM Style                          : Auto
Resource Sharing                   : YES
Asynchronous To Synchronous        : NO
Shift Register Minimum Size        : 2
Use DSP Block                      : Auto
Automatic Register Balancing       : No

---- Target Options
LUT Combining                      : Auto
Reduce Control Sets                : Auto
Add IO Buffers                     : YES
Global Maximum Fanout              : 100000
Add Generic Clock Buffer(BUFG)     : 16
Register Duplication               : YES
Optimize Instantiated Primitives   : NO
Use Clock Enable                   : Auto
Use Synchronous Set                : Auto
Use Synchronous Reset              : Auto
Pack IO Registers into IOBs        : Auto
Equivalent register Removal        : YES

---- General Options
Optimization Goal                  : Speed
Optimization Effort                : 1
Power Reduction                    : NO
Keep Hierarchy                     : No
Netlist Hierarchy                  : As_Optimized
RTL Output                         : Yes
Global Optimization                : AllClockNets
Read Cores                         : YES
Write Timing Constraints           : NO
Cross Clock Analysis               : NO
Hierarchy Separator                : /
Bus Delimiter                      : <>
Case Specifier                     : Maintain
Slice Utilization Ratio            : 100
BRAM Utilization Ratio             : 100
DSP48 Utilization Ratio            : 100
Auto BRAM Packing                  : NO
Slice Utilization Ratio Delta      : 5

=========================================================================


=========================================================================
*                          HDL Parsing                                  *
=========================================================================
Parsing VHDL file "/home/rishav/logic/code_repository/WeightedRoundRobin2/Arbiter.vhd" into library work
Parsing entity <Arbiter>.
Parsing architecture <Behavioral> of entity <arbiter>.
Parsing VHDL file "/home/rishav/logic/code_repository/WeightedRoundRobin2/tb_arbiter.vhd" into library work
Parsing entity <tb_arbiter>.
Parsing architecture <behavior> of entity <tb_arbiter>.
WARNING:HDLCompiler:190 - "/home/rishav/logic/code_repository/WeightedRoundRobin2/tb_arbiter.vhd" Line 83: Actual expression for generic weight0 cannot reference a signal
WARNING:HDLCompiler:190 - "/home/rishav/logic/code_repository/WeightedRoundRobin2/tb_arbiter.vhd" Line 84: Actual expression for generic weight1 cannot reference a signal
WARNING:HDLCompiler:190 - "/home/rishav/logic/code_repository/WeightedRoundRobin2/tb_arbiter.vhd" Line 85: Actual expression for generic weight2 cannot reference a signal
WARNING:HDLCompiler:190 - "/home/rishav/logic/code_repository/WeightedRoundRobin2/tb_arbiter.vhd" Line 86: Actual expression for generic weight3 cannot reference a signal

=========================================================================
*                            HDL Elaboration                            *
=========================================================================

Elaborating entity <tb_arbiter> (architecture <behavior>) from library <work>.
WARNING:HDLCompiler:871 - "/home/rishav/logic/code_repository/WeightedRoundRobin2/tb_arbiter.vhd" Line 67: Using initial value "1111" for weight0 since it is never assigned
WARNING:HDLCompiler:871 - "/home/rishav/logic/code_repository/WeightedRoundRobin2/tb_arbiter.vhd" Line 68: Using initial value "1110" for weight1 since it is never assigned
WARNING:HDLCompiler:871 - "/home/rishav/logic/code_repository/WeightedRoundRobin2/tb_arbiter.vhd" Line 69: Using initial value "0011" for weight2 since it is never assigned
WARNING:HDLCompiler:871 - "/home/rishav/logic/code_repository/WeightedRoundRobin2/tb_arbiter.vhd" Line 70: Using initial value "0001" for weight3 since it is never assigned

Elaborating entity <Arbiter> (architecture <Behavioral>) with generics from library <work>.
WARNING:HDLCompiler:92 - "/home/rishav/logic/code_repository/WeightedRoundRobin2/Arbiter.vhd" Line 116: masterport_reg should be on the sensitivity list of the process
ERROR:HDLCompiler:890 - "/home/rishav/logic/code_repository/WeightedRoundRobin2/tb_arbiter.vhd" Line 102: wait statement without UNTIL clause not supported for synthesis
Netlist tb_arbiter(behavior) remains a blackbox, due to errors in its contents
--> 


Total memory usage is 316376 kilobytes

Number of errors   :    1 (   0 filtered)
Number of warnings :    9 (   0 filtered)
Number of infos    :    0 (   0 filtered)

